**How To Drop And Recreate Temp Tablespace In Oracle
--If you want to recreate your temp tablespace, then follow below steps. For changing the default tablespace also, below steps can be used.
--Find the existing temp tablespace details

 set line 1000
 select tablespace_name,file_name from dba_temp_files;

 
TABLESPACE_NAME 	       FILE_NAME
------------------------------ --------------------------------------------------------
TEMP        /home/oracle/app/oracle/oradata/cdb1/orcl/orcl_temp01201
        4-07-30_04-39-23-PM.dbf
        
---------------------------------------

 set lines 200
 col TABLESPACE_NAME for a10
 col file_name for a60
 select tablespace_name,file_name,bytes/1024/1024/1024 from dba_temp_files; 

--Create another Temporary Tablespace TEMP1
CREATE TEMPORARY TABLESPACE TEMP1 TEMPFILE  ‘/u01/app/oradata/DBACLASS/temp01′ SIZE 2G;
If You are using ASM then use diskgroup name.
show parameter db_create_file_dest
create temporary tablespace TEMP tempfile '+DATA' size 100M autoextend on next 100M maxsize unlimited;

--Move Default Database temp tablespace
ALTER DATABASE DEFAULT TEMPORARY TABLESPACE TEMP;

--If any sessions are using temp space, then kill them.
SELECT b.tablespace,b.segfile#,b.segblk#,b.blocks,a.sid,a.serial#,
a.username,a.osuser, a.status
FROM v$session a,v$sort_usage b
WHERE a.saddr = b.session_addr;
 
ALTER SYSTEM KILL 'SID,SERIAL#' IMMEDIATE;

--Drop the original temp tablespace.
--Drop temp tablespace
DROP TABLESPACE TEMP_DWR INCLUDING CONTENTS AND DATAFILES;

--Make TEMP as default tablespace
ALTER DATABASE DEFAULT TEMPORARY TABLESPACE temp;

--Drop temporary for tablespace temp1
Drop temporary for tablespace temp1

-- Dear, Make sure you run below query to check if anyone using existing temp tablespace and kill them.
SELECT b.tablespace,b.segfile#,b.segblk#,b.blocks,a.sid,a.serial#,
a.username,a.osuser, a.status
FROM v$session a,v$sort_usage b
WHERE a.saddr = b.session_addr;
